<?xml version="1.0" encoding="UTF-8"?>
<testng-results ignored="0" total="1" passed="1" failed="0" skipped="0">
  <reporter-output>
  </reporter-output>
  <suite started-at="2023-01-29T19:36:18 IST" name="Default suite" finished-at="2023-01-29T19:36:46 IST" duration-ms="28534">
    <groups>
    </groups>
    <test started-at="2023-01-29T19:36:18 IST" name="Default test" finished-at="2023-01-29T19:36:46 IST" duration-ms="28534">
      <class name="mobileTestingPractice.Appium.PressAndHold">
        <test-method is-config="true" signature="configAppium()[pri:0, instance:mobileTestingPractice.Appium.PressAndHold@1afd44cb]" started-at="2023-01-29T19:36:18 IST" name="configAppium" finished-at="2023-01-29T19:36:35 IST" duration-ms="16811" status="PASS">
          <reporter-output>
          </reporter-output>
        </test-method> <!-- configAppium -->
        <test-method signature="longPress()[pri:0, instance:mobileTestingPractice.Appium.PressAndHold@1afd44cb]" started-at="2023-01-29T19:36:35 IST" name="longPress" finished-at="2023-01-29T19:36:44 IST" duration-ms="8897" status="PASS">
          <reporter-output>
          </reporter-output>
        </test-method> <!-- longPress -->
        <test-method is-config="true" signature="tearDown()[pri:0, instance:mobileTestingPractice.Appium.PressAndHold@1afd44cb]" started-at="2023-01-29T19:36:44 IST" name="tearDown" finished-at="2023-01-29T19:36:46 IST" duration-ms="2782" status="PASS">
          <reporter-output>
          </reporter-output>
        </test-method> <!-- tearDown -->
      </class> <!-- mobileTestingPractice.Appium.PressAndHold -->
    </test> <!-- Default test -->
  </suite> <!-- Default suite -->
</testng-results>
